{
  "RSpec": {
    "coverage": {
      "/Users/Nat/Projects/bookmark_manager/spec/bookmarks_spec.rb": [
        1,
        1,
        null,
        1,
        null,
        1,
        null,
        1,
        1,
        1,
        null,
        1,
        1,
        1,
        null,
        1,
        null,
        1,
        1,
        1,
        1,
        1,
        null,
        null,
        null,
        1,
        1,
        1,
        1,
        null,
        1,
        1,
        1,
        1,
        null,
        null,
        null,
        1,
        1,
        null,
        1,
        null,
        1,
        null,
        1,
        null,
        null,
        null,
        1,
        1,
        1,
        1,
        null,
        1,
        1,
        1,
        1,
        null,
        null,
        null,
        1,
        1,
        1,
        null,
        1,
        null,
        1,
        1,
        1,
        1,
        null,
        null,
        null
      ],
      "/Users/Nat/Projects/bookmark_manager/spec/database_helpers.rb": [
        1,
        null,
        1,
        1,
        1,
        null,
        null,
        1,
        1,
        1,
        1,
        null
      ],
      "/Users/Nat/Projects/bookmark_manager/spec/features/add_new_bookmark_spec.rb": [
        1,
        null,
        1,
        1,
        1,
        1,
        1,
        1,
        1,
        null,
        null
      ],
      "/Users/Nat/Projects/bookmark_manager/spec/features/delete_bookmark_spec.rb": [
        1,
        null,
        1,
        1,
        1,
        null,
        1,
        1,
        null,
        1,
        null,
        1,
        1,
        null,
        null
      ],
      "/Users/Nat/Projects/bookmark_manager/spec/features/home_page_spec.rb": [
        null,
        null,
        1,
        1,
        1,
        1,
        null,
        null
      ],
      "/Users/Nat/Projects/bookmark_manager/spec/features/update_bookmarks_spec.rb": [
        1,
        null,
        1,
        1,
        1,
        null,
        1,
        1,
        null,
        1,
        1,
        null,
        1,
        1,
        1,
        null,
        1,
        1,
        1,
        null,
        null
      ],
      "/Users/Nat/Projects/bookmark_manager/spec/features/view_bookmarks_spec.rb": [
        1,
        null,
        1,
        1,
        1,
        null,
        1,
        null,
        1,
        1,
        1,
        null,
        null
      ]
    },
    "timestamp": 1570635078
  }
}
